<?xml version="1.0" encoding="UTF-8"?>
<testng-results ignored="1" total="5" passed="3" failed="1" skipped="0">
  <reporter-output>
  </reporter-output>
  <suite started-at="2022-08-24T13:20:41 IST" name="Default suite" finished-at="2022-08-24T13:20:58 IST" duration-ms="17023">
    <groups>
      <group name="Sanity">
        <method signature="LoginPageTest.verifyAppTitleTest()[pri:-1, instance:TestCases.LoginPageTest@49912c99]" name="verifyAppTitleTest" class="TestCases.LoginPageTest"/>
      </group> <!-- Sanity -->
      <group name="Regression">
        <method signature="LoginPageTest.loginZerodhaAppTest()[pri:0, instance:TestCases.LoginPageTest@49912c99]" name="loginZerodhaAppTest" class="TestCases.LoginPageTest"/>
        <method signature="LoginPageTest.verifyKiteLabelTest()[pri:1, instance:TestCases.LoginPageTest@49912c99]" name="verifyKiteLabelTest" class="TestCases.LoginPageTest"/>
      </group> <!-- Regression -->
    </groups>
    <test started-at="2022-08-24T13:20:41 IST" name="Default test" finished-at="2022-08-24T13:20:58 IST" duration-ms="17023">
      <class name="TestCases.LoginPageTest">
        <test-method is-config="true" signature="setup()[pri:0, instance:TestCases.LoginPageTest@49912c99]" started-at="2022-08-24T13:20:41 IST" name="setup" finished-at="2022-08-24T13:20:46 IST" duration-ms="4374" status="PASS">
          <reporter-output>
          </reporter-output>
        </test-method> <!-- setup -->
        <test-method signature="verifyAppTitleTest()[pri:-1, instance:TestCases.LoginPageTest@49912c99]" started-at="2022-08-24T13:20:46 IST" name="verifyAppTitleTest" finished-at="2022-08-24T13:20:46 IST" duration-ms="14" status="PASS">
          <reporter-output>
          </reporter-output>
        </test-method> <!-- verifyAppTitleTest -->
        <test-method is-config="true" signature="exit()[pri:0, instance:TestCases.LoginPageTest@49912c99]" started-at="2022-08-24T13:20:46 IST" name="exit" finished-at="2022-08-24T13:20:47 IST" duration-ms="636" status="PASS">
          <reporter-output>
          </reporter-output>
        </test-method> <!-- exit -->
        <test-method is-config="true" signature="setup()[pri:0, instance:TestCases.LoginPageTest@49912c99]" started-at="2022-08-24T13:20:47 IST" name="setup" finished-at="2022-08-24T13:20:49 IST" duration-ms="2552" status="PASS">
          <reporter-output>
          </reporter-output>
        </test-method> <!-- setup -->
        <test-method signature="loginZerodhaAppTest()[pri:0, instance:TestCases.LoginPageTest@49912c99]" started-at="2022-08-24T13:20:49 IST" name="loginZerodhaAppTest" finished-at="2022-08-24T13:20:50 IST" duration-ms="1320" status="PASS">
          <reporter-output>
          </reporter-output>
        </test-method> <!-- loginZerodhaAppTest -->
        <test-method is-config="true" signature="exit()[pri:0, instance:TestCases.LoginPageTest@49912c99]" started-at="2022-08-24T13:20:50 IST" name="exit" finished-at="2022-08-24T13:20:51 IST" duration-ms="640" status="PASS">
          <reporter-output>
          </reporter-output>
        </test-method> <!-- exit -->
        <test-method is-config="true" signature="setup()[pri:0, instance:TestCases.LoginPageTest@49912c99]" started-at="2022-08-24T13:20:51 IST" name="setup" finished-at="2022-08-24T13:20:54 IST" duration-ms="2754" status="PASS">
          <reporter-output>
          </reporter-output>
        </test-method> <!-- setup -->
        <test-method signature="verifyKiteLogoTest()[pri:0, instance:TestCases.LoginPageTest@49912c99]" started-at="2022-08-24T13:20:54 IST" name="verifyKiteLogoTest" finished-at="2022-08-24T13:20:54 IST" duration-ms="48" status="FAIL">
          <exception class="java.lang.AssertionError">
            <message>
              <![CDATA[did not expect to find [false] but found [true]]]>
            </message>
            <full-stacktrace>
              <![CDATA[java.lang.AssertionError: did not expect to find [false] but found [true]
at org.testng.Assert.fail(Assert.java:97)
at org.testng.Assert.failNotEquals(Assert.java:969)
at org.testng.Assert.assertFalse(Assert.java:65)
at org.testng.Assert.assertFalse(Assert.java:75)
at TestCases.LoginPageTest.verifyKiteLogoTest(LoginPageTest.java:44)
at java.base/jdk.internal.reflect.NativeMethodAccessorImpl.invoke0(Native Method)
at java.base/jdk.internal.reflect.NativeMethodAccessorImpl.invoke(NativeMethodAccessorImpl.java:62)
at java.base/jdk.internal.reflect.DelegatingMethodAccessorImpl.invoke(DelegatingMethodAccessorImpl.java:43)
at java.base/java.lang.reflect.Method.invoke(Method.java:566)
at org.testng.internal.MethodInvocationHelper.invokeMethod(MethodInvocationHelper.java:133)
at org.testng.internal.TestInvoker.invokeMethod(TestInvoker.java:584)
at org.testng.internal.TestInvoker.invokeTestMethod(TestInvoker.java:172)
at org.testng.internal.MethodRunner.runInSequence(MethodRunner.java:46)
at org.testng.internal.TestInvoker$MethodInvocationAgent.invoke(TestInvoker.java:804)
at org.testng.internal.TestInvoker.invokeTestMethods(TestInvoker.java:145)
at org.testng.internal.TestMethodWorker.invokeTestMethods(TestMethodWorker.java:146)
at org.testng.internal.TestMethodWorker.run(TestMethodWorker.java:128)
at java.base/java.util.ArrayList.forEach(ArrayList.java:1541)
at org.testng.TestRunner.privateRun(TestRunner.java:770)
at org.testng.TestRunner.run(TestRunner.java:591)
at org.testng.SuiteRunner.runTest(SuiteRunner.java:402)
at org.testng.SuiteRunner.runSequentially(SuiteRunner.java:396)
at org.testng.SuiteRunner.privateRun(SuiteRunner.java:355)
at org.testng.SuiteRunner.run(SuiteRunner.java:304)
at org.testng.SuiteRunnerWorker.runSuite(SuiteRunnerWorker.java:53)
at org.testng.SuiteRunnerWorker.run(SuiteRunnerWorker.java:96)
at org.testng.TestNG.runSuitesSequentially(TestNG.java:1180)
at org.testng.TestNG.runSuitesLocally(TestNG.java:1102)
at org.testng.TestNG.runSuites(TestNG.java:1032)
at org.testng.TestNG.run(TestNG.java:1000)
at org.testng.remote.AbstractRemoteTestNG.run(AbstractRemoteTestNG.java:115)
at org.testng.remote.RemoteTestNG.initAndRun(RemoteTestNG.java:251)
at org.testng.remote.RemoteTestNG.main(RemoteTestNG.java:77)
]]>
            </full-stacktrace>
          </exception> <!-- java.lang.AssertionError -->
          <reporter-output>
          </reporter-output>
        </test-method> <!-- verifyKiteLogoTest -->
        <test-method is-config="true" signature="exit()[pri:0, instance:TestCases.LoginPageTest@49912c99]" started-at="2022-08-24T13:20:54 IST" name="exit" finished-at="2022-08-24T13:20:54 IST" duration-ms="647" status="PASS">
          <reporter-output>
          </reporter-output>
        </test-method> <!-- exit -->
        <test-method is-config="true" signature="setup()[pri:0, instance:TestCases.LoginPageTest@49912c99]" started-at="2022-08-24T13:20:54 IST" name="setup" finished-at="2022-08-24T13:20:58 IST" duration-ms="3336" status="PASS">
          <reporter-output>
          </reporter-output>
        </test-method> <!-- setup -->
        <test-method signature="verifyKiteLabelTest()[pri:1, instance:TestCases.LoginPageTest@49912c99]" started-at="2022-08-24T13:20:58 IST" name="verifyKiteLabelTest" finished-at="2022-08-24T13:20:58 IST" duration-ms="37" status="PASS">
          <reporter-output>
          </reporter-output>
        </test-method> <!-- verifyKiteLabelTest -->
        <test-method is-config="true" signature="exit()[pri:0, instance:TestCases.LoginPageTest@49912c99]" started-at="2022-08-24T13:20:58 IST" name="exit" finished-at="2022-08-24T13:20:58 IST" duration-ms="609" status="PASS">
          <reporter-output>
          </reporter-output>
        </test-method> <!-- exit -->
      </class> <!-- TestCases.LoginPageTest -->
    </test> <!-- Default test -->
  </suite> <!-- Default suite -->
</testng-results>
